[04Dec2024 00:00:55.526] [Server thread/INFO] [net.minecraft.server.network.ServerGamePacketListenerImpl/]: rongorus lost connection: Disconnected
[04Dec2024 00:00:55.529] [Server thread/INFO] [net.minecraft.server.MinecraftServer/]: rongorus left the game
[04Dec2024 00:02:05.369] [Server thread/INFO] [net.minecraft.server.MinecraftServer/]: Rancho99 has made the advancement [An adventure awaits you]
[04Dec2024 00:03:39.283] [Server thread/INFO] [net.minecraft.server.MinecraftServer/]: Rancho99 has made the advancement [Knowledge of Death]
[04Dec2024 00:03:39.284] [Server thread/INFO] [net.minecraft.server.MinecraftServer/]: Rancho99 has reached the goal [The treasure is at hand]
[04Dec2024 00:03:39.298] [Server thread/WARN] [net.minecraft.server.MinecraftServer/]: Can't keep up! Is the server overloaded? Running 3846ms or 76 ticks behind
[04Dec2024 00:04:23.171] [Server thread/INFO] [net.minecraft.server.MinecraftServer/]: Rancho99 has made the advancement [Knowledge raises the soul]
[04Dec2024 00:05:15.873] [Server thread/INFO] [net.minecraft.server.MinecraftServer/]: Rancho99 has reached the goal [Die Classy]
[04Dec2024 00:05:40.927] [Server thread/INFO] [net.minecraft.server.MinecraftServer/]: Applied effect Nausea to Rancho99
[04Dec2024 00:06:12.524] [Server thread/INFO] [net.minecraft.server.MinecraftServer/]: Incorrect argument for command
[04Dec2024 00:06:12.549] [Server thread/INFO] [net.minecraft.server.MinecraftServer/]: effect  nausea<--[HERE]
[04Dec2024 00:06:18.969] [Server thread/INFO] [net.minecraft.server.MinecraftServer/]: Applied effect Nausea to iTzBorisxD
[04Dec2024 00:09:09.054] [Server thread/INFO] [net.minecraft.server.MinecraftServer/]: iTzBorisxD is bleeding. iTzBorisxD was doomed to fall
[04Dec2024 00:09:09.055] [Server thread/WARN] [tombstone/]: The death event of the player iTzBorisxD was canceled by another mod
[04Dec2024 00:09:09.088] [Server thread/INFO] [tombstone/]: The player iTzBorisxD has successfully been saved
[04Dec2024 00:09:17.371] [Server thread/INFO] [net.minecraft.server.MinecraftServer/]: iTzBorisxD was doomed to fall
[04Dec2024 00:09:24.312] [Server thread/INFO] [Scaling Health/]: Player lost 0.00 heart crystal(s)
[04Dec2024 00:09:24.312] [Server thread/INFO] [Scaling Health/]: Player lost -0.00 difficulty
[04Dec2024 00:18:22.666] [Server thread/INFO] [net.minecraft.server.network.ServerGamePacketListenerImpl/]: iTzBorisxD lost connection: Disconnected
[04Dec2024 00:18:22.667] [Server thread/INFO] [net.minecraft.server.MinecraftServer/]: iTzBorisxD left the game
[04Dec2024 00:21:11.557] [Server thread/INFO] [net.minecraft.server.network.ServerGamePacketListenerImpl/]: Rancho99 lost connection: Disconnected
[04Dec2024 00:21:11.557] [Server thread/INFO] [net.minecraft.server.MinecraftServer/]: Rancho99 left the game
